<?xml version="1.0" encoding="UTF-8"?>
<testng-results ignored="0" total="1" passed="1" failed="0" skipped="0">
  <reporter-output>
  </reporter-output>
  <suite started-at="2020-10-03T02:53:25Z" name="Suite" finished-at="2020-10-03T02:53:32Z" duration-ms="7122">
    <groups>
    </groups>
    <test started-at="2020-10-03T02:53:25Z" name="Test" finished-at="2020-10-03T02:53:32Z" duration-ms="7122">
      <class name="keyworddrivenframe.tests.DriverScript">
        <test-method is-config="true" signature="invokeBrowser(java.lang.String)[pri:0, instance:keyworddrivenframe.tests.DriverScript@20140db9]" started-at="2020-10-03T02:53:25Z" name="invokeBrowser" finished-at="2020-10-03T02:53:28Z" duration-ms="3640" status="PASS">
          <params>
            <param index="0">
              <value>
                <![CDATA[CH]]>
              </value>
            </param>
          </params>
          <reporter-output>
          </reporter-output>
        </test-method> <!-- invokeBrowser -->
        <test-method signature="validateLogin()[pri:0, instance:keyworddrivenframe.tests.DriverScript@20140db9]" started-at="2020-10-03T02:53:28Z" name="validateLogin" finished-at="2020-10-03T02:53:31Z" duration-ms="2842" status="PASS">
          <reporter-output>
          </reporter-output>
        </test-method> <!-- validateLogin -->
        <test-method is-config="true" signature="closeBrowser()[pri:0, instance:keyworddrivenframe.tests.DriverScript@20140db9]" started-at="2020-10-03T02:53:31Z" name="closeBrowser" finished-at="2020-10-03T02:53:32Z" duration-ms="623" status="PASS">
          <reporter-output>
          </reporter-output>
        </test-method> <!-- closeBrowser -->
      </class> <!-- keyworddrivenframe.tests.DriverScript -->
    </test> <!-- Test -->
  </suite> <!-- Suite -->
</testng-results>
